<?xml version="1.0" encoding="UTF-8"?>
<!-- Generated by org.testng.reporters.JUnitReportReporter -->
<testsuite skipped="0" hostname="DESKTOP-GRIFI9G" name="dataDrivernTesting.TestingLinks" tests="1" failures="0" timestamp="12 Jan 2023 11:34:18 GMT" time="23.988" errors="0">
  <testcase name="actitimeLogin" time="23.988" classname="dataDrivernTesting.TestingLinks"/>
</testsuite> <!-- dataDrivernTesting.TestingLinks -->
