<?xml version="1.0" encoding="UTF-8"?>
<!-- Generated by org.testng.reporters.JUnitReportReporter -->
<testsuite skipped="0" hostname="DESKTOP-GRIFI9G" name="brokenLink.BrokenLinkExample2" tests="1" failures="0" timestamp="17 Jan 2023 07:45:33 GMT" time="12.918" errors="0">
  <testcase name="testLinks" time="12.918" classname="brokenLink.BrokenLinkExample2"/>
</testsuite> <!-- brokenLink.BrokenLinkExample2 -->
