<?xml version="1.0" encoding="UTF-8"?>
<!-- Generated by org.testng.reporters.JUnitReportReporter -->
<testsuite skipped="0" hostname="DESKTOP-GRIFI9G" name="TestNGPractice.Sample3" tests="3" failures="0" timestamp="03 Jan 2023 10:33:23 GMT" time="6.889" errors="0">
  <testcase name="login" time="2.454" classname="TestNGPractice.Sample3"/>
  <testcase name="compose" time="2.281" classname="TestNGPractice.Sample3"/>
  <testcase name="signUp" time="2.154" classname="TestNGPractice.Sample3"/>
</testsuite> <!-- TestNGPractice.Sample3 -->
