<?xml version="1.0" encoding="UTF-8"?>
<!-- Generated by org.testng.reporters.JUnitReportReporter -->
<testsuite skipped="0" hostname="DESKTOP-GRIFI9G" name="javaScriptExecuterEX.Example2" tests="1" failures="0" timestamp="17 Jan 2023 06:38:18 GMT" time="15.626" errors="0">
  <testcase name="testCase1" time="15.626" classname="javaScriptExecuterEX.Example2"/>
</testsuite> <!-- javaScriptExecuterEX.Example2 -->
