<?xml version="1.0" encoding="UTF-8"?>
<!-- Generated by org.testng.reporters.JUnitReportReporter -->
<testsuite skipped="0" hostname="DESKTOP-GRIFI9G" name="createReports.VTigerContact" tests="1" failures="0" timestamp="16 Jan 2023 19:31:51 GMT" time="28.868" errors="0">
  <testcase name="Contact" time="28.868" classname="createReports.VTigerContact"/>
</testsuite> <!-- createReports.VTigerContact -->
