<?xml version="1.0" encoding="UTF-8"?>
<!-- Generated by org.testng.reporters.JUnitReportReporter -->
<testsuite skipped="0" hostname="DESKTOP-GRIFI9G" name="testNgPart2.GoogleApplicationWithBeforeAndAfterTest" tests="2" failures="0" timestamp="03 Jan 2023 17:04:48 GMT" time="2.782" errors="0">
  <testcase name="testSearch" time="2.753" classname="testNgPart2.GoogleApplicationWithBeforeAndAfterTest"/>
  <testcase name="testGoogleLandingPage" time="0.029" classname="testNgPart2.GoogleApplicationWithBeforeAndAfterTest"/>
</testsuite> <!-- testNgPart2.GoogleApplicationWithBeforeAndAfterTest -->
