<?xml version="1.0" encoding="UTF-8"?>
<!-- Generated by org.testng.reporters.JUnitReportReporter -->
<testsuite skipped="0" hostname="DESKTOP-GRIFI9G" name="actitmeScript.ActitimeScripts" tests="1" failures="0" timestamp="24 Jan 2023 02:26:22 GMT" time="0.790" errors="0">
  <testcase name="loginActitime" time="0.790" classname="actitmeScript.ActitimeScripts"/>
</testsuite> <!-- actitmeScript.ActitimeScripts -->
