<?xml version="1.0" encoding="UTF-8"?>
<!-- Generated by org.testng.reporters.JUnitReportReporter -->
<testsuite skipped="0" hostname="DESKTOP-GRIFI9G" name="dataDrivernTesting.UpdateExcel" tests="2" failures="0" timestamp="13 Jan 2023 10:34:35 GMT" time="1.490" errors="0">
  <testcase name="updateSheetDetails" time="0.221" classname="dataDrivernTesting.UpdateExcel"/>
  <testcase name="UpdateShetDetail" time="1.269" classname="dataDrivernTesting.UpdateExcel"/>
</testsuite> <!-- dataDrivernTesting.UpdateExcel -->
