<?xml version="1.0" encoding="UTF-8"?>
<!-- Generated by org.testng.reporters.JUnitReportReporter -->
<testsuite skipped="0" hostname="DESKTOP-GRIFI9G" name="TestNGPractice.Sample2" tests="3" failures="0" timestamp="03 Jan 2023 10:26:54 GMT" time="0.046" errors="0">
  <testcase name="testCase1" time="0.029" classname="TestNGPractice.Sample2"/>
  <testcase name="testCase2" time="0.013" classname="TestNGPractice.Sample2"/>
  <testcase name="testCase3" time="0.004" classname="TestNGPractice.Sample2"/>
</testsuite> <!-- TestNGPractice.Sample2 -->
