<?xml version="1.0" encoding="UTF-8"?>
<!-- Generated by org.testng.reporters.JUnitReportReporter -->
<testsuite skipped="0" hostname="DESKTOP-GRIFI9G" name="testNGPractice.Sample5" tests="3" failures="0" timestamp="13 Jan 2023 07:50:14 GMT" time="0.035" errors="0">
  <testcase name="a_loginInToActitime" time="0.008" classname="testNGPractice.Sample5"/>
  <testcase name="a_VerifyTaskDeletion" time="0.023" classname="testNGPractice.Sample5"/>
  <testcase name="b_verifyTaskCreation" time="0.004" classname="testNGPractice.Sample5"/>
</testsuite> <!-- testNGPractice.Sample5 -->
