<?xml version="1.0" encoding="UTF-8"?>
<!-- Generated by org.testng.reporters.JUnitReportReporter -->
<testsuite skipped="0" hostname="DESKTOP-GRIFI9G" name="javaScriptExecuterEX.Example1" tests="2" failures="0" timestamp="16 Jan 2023 04:43:58 GMT" time="20.570" errors="0">
  <testcase name="testCase2" time="10.182" classname="javaScriptExecuterEX.Example1"/>
  <testcase name="testCase1" time="10.388" classname="javaScriptExecuterEX.Example1"/>
</testsuite> <!-- javaScriptExecuterEX.Example1 -->
