<?xml version="1.0" encoding="UTF-8"?>
<!-- Generated by org.testng.reporters.JUnitReportReporter -->
<testsuite skipped="0" hostname="DESKTOP-GRIFI9G" name="dataDrivernTesting.ReadExcel" tests="5" failures="0" timestamp="11 Jan 2023 18:44:13 GMT" time="2.101" errors="0">
  <testcase name="UpdateCellDetail" time="1.540" classname="dataDrivernTesting.ReadExcel"/>
  <testcase name="updateSheetDetails" time="0.185" classname="dataDrivernTesting.ReadExcel"/>
  <testcase name="cellsOps" time="0.126" classname="dataDrivernTesting.ReadExcel"/>
  <testcase name="rowOps" time="0.171" classname="dataDrivernTesting.ReadExcel"/>
  <testcase name="sheetsOps" time="0.079" classname="dataDrivernTesting.ReadExcel"/>
</testsuite> <!-- dataDrivernTesting.ReadExcel -->
