<?xml version="1.0" encoding="UTF-8"?>
<!-- Generated by org.testng.reporters.JUnitReportReporter -->
<testsuite skipped="0" hostname="DESKTOP-GRIFI9G" name="TestNGPractice.Sample1" tests="1" failures="0" timestamp="03 Jan 2023 06:18:39 GMT" time="219.983" errors="0">
  <testcase name="testCase1" time="219.983" classname="TestNGPractice.Sample1"/>
</testsuite> <!-- TestNGPractice.Sample1 -->
