<?xml version="1.0" encoding="UTF-8"?>
<!-- Generated by org.testng.reporters.JUnitReportReporter -->
<testsuite skipped="0" hostname="DESKTOP-GRIFI9G" name="dataDrivernTesting.UpdateExcel1" tests="1" failures="0" timestamp="13 Jan 2023 08:49:47 GMT" time="9.324" errors="0">
  <testcase name="TC" time="9.324" classname="dataDrivernTesting.UpdateExcel1"/>
</testsuite> <!-- dataDrivernTesting.UpdateExcel1 -->
